<?xml version="1.0" encoding="UTF-8"?>
<!-- Generated by org.testng.reporters.JUnitReportReporter -->
<testsuite hostname="LAPTOP-7KPE3BUK" failures="0" tests="6" name="test.annotations.demo.Heroku" time="83.307" errors="0" timestamp="09 Apr 2021 11:48:15 GMT" skipped="0">
  <testcase classname="test.annotations.demo.Heroku" name="dropdown_tc5" time="11.870"/>
  <testcase classname="test.annotations.demo.Heroku" name="dynamicContent_tc6" time="18.014"/>
  <testcase classname="test.annotations.demo.Heroku" name="abTesting_tc1" time="11.974"/>
  <testcase classname="test.annotations.demo.Heroku" name="checkBoxes_tc3" time="10.345"/>
  <testcase classname="test.annotations.demo.Heroku" name="disappearingElements_tc4" time="15.144"/>
  <testcase classname="test.annotations.demo.Heroku" name="addRemoveElements_tc2" time="15.960"/>
</testsuite> <!-- test.annotations.demo.Heroku -->
