<?xml version="1.0" encoding="UTF-8"?>
<!-- Generated by org.testng.reporters.JUnitReportReporter -->
<testsuite hostname="LAPTOP-7KPE3BUK" failures="0" tests="6" name="test.annotations.demo.Heroku1" time="73.917" errors="0" timestamp="09 Apr 2021 11:48:15 GMT" skipped="1">
  <testcase classname="test.annotations.demo.Heroku1" name="formAuthentication_tc11" time="17.936"/>
  <testcase classname="test.annotations.demo.Heroku1" name="dynamicLoading_tc8" time="16.682"/>
  <testcase classname="test.annotations.demo.Heroku1" name="forgotPassword_tc10" time="12.955"/>
  <testcase classname="test.annotations.demo.Heroku1" name="entryAd_tc9" time="14.757"/>
  <testcase classname="test.annotations.demo.Heroku1" name="inputs_tc12" time="11.587"/>
  <testcase classname="test.annotations.demo.Heroku1" name="dynamicControls_tc7">
    <skipped/>
  </testcase> <!-- dynamicControls_tc7 -->
</testsuite> <!-- test.annotations.demo.Heroku1 -->
