<?xml version="1.0" encoding="UTF-8"?>
<!-- Generated by org.testng.reporters.JUnitReportReporter -->
<testsuite hostname="LAPTOP-7KPE3BUK" failures="0" tests="2" name="test.annotations.demo.ClassB" time="0.002" errors="0" timestamp="09 Apr 2021 07:22:48 GMT" skipped="0">
  <testcase classname="test.annotations.demo.ClassB" name="methodAInClassB" time="0.001"/>
  <testcase classname="test.annotations.demo.ClassB" name="methodBInClassB" time="0.001"/>
</testsuite> <!-- test.annotations.demo.ClassB -->
