<?xml version="1.0" encoding="UTF-8"?>
<!-- Generated by org.testng.reporters.JUnitReportReporter -->
<testsuite hostname="LAPTOP-7KPE3BUK" failures="0" tests="7" name="testngpractice.TestNgFlipkart" time="44.681" errors="0" timestamp="06 Apr 2021 08:47:47 GMT" skipped="0">
  <testcase classname="testngpractice.TestNgFlipkart" name="Searchbox_tc3" time="6.907"/>
  <testcase classname="testngpractice.TestNgFlipkart" name="Searchbox_tc1" time="6.860"/>
  <testcase classname="testngpractice.TestNgFlipkart" name="Login_tc3" time="4.814"/>
  <testcase classname="testngpractice.TestNgFlipkart" name="Searchbox_tc2" time="8.172"/>
  <testcase classname="testngpractice.TestNgFlipkart" name="Login_tc2" time="5.620"/>
  <testcase classname="testngpractice.TestNgFlipkart" name="Searchbox_tc4" time="6.062"/>
  <testcase classname="testngpractice.TestNgFlipkart" name="Login_tc1" time="6.246"/>
</testsuite> <!-- testngpractice.TestNgFlipkart -->
