<?xml version="1.0" encoding="UTF-8"?>
<!-- Generated by org.testng.reporters.JUnitReportReporter -->
<testsuite hostname="LAPTOP-7KPE3BUK" failures="0" tests="2" name="test.annotations.demo.ClassA" time="0.006" errors="0" timestamp="09 Apr 2021 07:22:48 GMT" skipped="0">
  <testcase classname="test.annotations.demo.ClassA" name="methodAInClassA" time="0.004"/>
  <testcase classname="test.annotations.demo.ClassA" name="methodBInClassA" time="0.002"/>
</testsuite> <!-- test.annotations.demo.ClassA -->
