<?xml version="1.0" encoding="UTF-8"?>
<!-- Generated by org.testng.reporters.JUnitReportReporter -->
<testsuite hostname="LAPTOP-7KPE3BUK" failures="0" tests="1" name="pm.FacebookTests" time="0.012" errors="0" timestamp="14 Apr 2021 12:18:33 GMT" skipped="0">
  <testcase classname="pm.FacebookTests" name="siginInTest" time="0.012"/>
</testsuite> <!-- pm.FacebookTests -->
