<?xml version="1.0" encoding="UTF-8"?>
<!-- Generated by org.testng.reporters.JUnitReportReporter -->
<testsuite hostname="LAPTOP-7KPE3BUK" failures="0" tests="5" name="testngpractice.TestngHeroku" time="67.773" errors="0" timestamp="09 Apr 2021 11:48:15 GMT" skipped="0">
  <testcase classname="testngpractice.TestngHeroku" name="keyPresses_tc13" time="9.426"/>
  <testcase classname="testngpractice.TestngHeroku" name="redirectLink_tc16" time="15.534"/>
  <testcase classname="testngpractice.TestngHeroku" name="notificationMessages_tc15" time="12.745"/>
  <testcase classname="testngpractice.TestngHeroku" name="hovers_tc18" time="15.384"/>
  <testcase classname="testngpractice.TestngHeroku" name="contextMenu_17" time="14.684"/>
</testsuite> <!-- testngpractice.TestngHeroku -->
