<?xml version="1.0" encoding="UTF-8"?>
<!-- Generated by org.testng.reporters.JUnitReportReporter -->
<testsuite hostname="LAPTOP-7KPE3BUK" failures="0" tests="1" name="pom.HerokuTests" time="8.059" errors="0" timestamp="14 May 2021 09:02:57 GMT" skipped="0">
  <testcase classname="pom.HerokuTests" name="addRemoveElementsTest" time="8.059"/>
</testsuite> <!-- pom.HerokuTests -->
