<?xml version="1.0" encoding="UTF-8"?>
<!-- Generated by org.testng.reporters.JUnitReportReporter -->
<testsuite hostname="LAPTOP-7KPE3BUK" failures="0" tests="2" name="test.annotations.demo.ClassC" time="0.004" errors="0" timestamp="09 Apr 2021 07:22:48 GMT" skipped="0">
  <testcase classname="test.annotations.demo.ClassC" name="methodDInClassC" time="0.003"/>
  <testcase classname="test.annotations.demo.ClassC" name="methodCInClassC" time="0.001"/>
</testsuite> <!-- test.annotations.demo.ClassC -->
